acpid
adwaita-qt6
alsa-firmware
alsa-pipewire 
avahi 
brightnessctl 
chrony
cmake
dbus 
foot
fwupd 
gcc
gettext 
gstreamer1-pipewire
iwd 
libjack-pipewire 
libspa-bluetooth
lshw 
mesa
mesa-dri 
mtools 
noto-fonts-ttf
nss-mdns 
pamixer
pango
pango-devel
pipewire 
pixman
pixman-devel
pkg-config
pkgconf
polkit 
pulseaudio 
python3 
python3-Unidecode
python3-pip 
qt5-wayland 
qt6-wayland 
rtkit 
slurp 
smartmontools 
wayland
wayland-devel
wayland-protocols
wayvnc
wget 
wireless_tools 
wireplumber
wireplumber-devel
wlroots0.19
wlroots0.19-devel
xbps 
xdg-desktop-portal-gtk 
xdg-desktop-portal-wlr
xdotool
xf86-input-synaptics 
xinit
xtools
