ImageMagick
android-tools
autotiling
bat
btop
cups
cups-pdf
dconf-editor
dpkg
evince
eza
fastfetch
ffmpegthumbnailer
file-roller
firejail
fish-shell
flameshot
font-awesome
font-libre-hebrew
gimp
gnome-calculator
gnome-disk-utility
gnome-text-editor
gparted
grim
gufw
gvfs-mtp
htop
inotify-tools
libayatana-appindicator-glib
libeatmydata
libreoffice
libxkbcommon
mmv
mpv
ncdu2
nemo
nerd-fonts
network-manager-applet
nwg-look
octoxbps
openjdk21
pavucontrol
plocate
power-profiles-daemon
ranger
ripgrep-all
simple-scan
stow
swaybg
timeshift
tldr
ufw
unzip
vim
w3m
w3m-img
wmenu
yt-dlp
zramen
